<?xml version="1.0" encoding="UTF-8" ?>
<testsuite errors="0" failures="0" hostname="TOSHIBA" name="com.grailsinaction.PostServiceSpec" tests="2" time="0.437" timestamp="2015-01-09T03:55:49">
  <properties />
  <testcase classname="com.grailsinaction.PostServiceSpec" name="Valid posts get saved and added to the user" time="0.172" />
  <testcase classname="com.grailsinaction.PostServiceSpec" name="Invalid posts generate exceptional outcomes" time="0.062" />
  <system-out><![CDATA[--Output from Valid posts get saved and added to the user--
--Output from Invalid posts generate exceptional outcomes--
]]></system-out>
  <system-err><![CDATA[--Output from Valid posts get saved and added to the user--
--Output from Invalid posts generate exceptional outcomes--
]]></system-err>
</testsuite>
