<?xml version="1.0" encoding="UTF-8" ?>
<testsuite errors="2" failures="0" hostname="TOSHIBA" name="com.grailsinaction.PostControllerSpec" tests="6" time="7.18" timestamp="2015-01-08T02:32:13">
  <properties />
  <testcase classname="com.grailsinaction.PostControllerSpec" name="Get a users timeline given their id" time="5.527" />
  <testcase classname="com.grailsinaction.PostControllerSpec" name="Check that non-existent users are handled with an error" time="0.156" />
  <testcase classname="com.grailsinaction.PostControllerSpec" name="Adding a valid new post to the timeline" time="0.827">
    <error message="Cannot invoke method createPost() on null object" type="java.lang.NullPointerException">java.lang.NullPointerException: Cannot invoke method createPost() on null object
	at com.grailsinaction.PostController.addPost(PostController.groovy:28)
	at com.grailsinaction.PostControllerSpec.Adding a valid new post to the timeline(PostControllerSpec.groovy:60)
</error>
  </testcase>
  <testcase classname="com.grailsinaction.PostControllerSpec" name="Adding an invalid new post to the timeline" time="0.124">
    <error message="Cannot invoke method createPost() on null object" type="java.lang.NullPointerException">java.lang.NullPointerException: Cannot invoke method createPost() on null object
	at com.grailsinaction.PostController.addPost(PostController.groovy:28)
	at com.grailsinaction.PostControllerSpec.Adding an invalid new post to the timeline(PostControllerSpec.groovy:80)
</error>
  </testcase>
  <testcase classname="com.grailsinaction.PostControllerSpec" name="Testing id of joe_cool redirects to /post/timeline/joe_cool" time="0.39" />
  <testcase classname="com.grailsinaction.PostControllerSpec" name="Testing id of null redirects to /post/timeline/chuck_norris" time="0.11" />
  <system-out><![CDATA[--Output from Get a users timeline given their id--
--Output from Check that non-existent users are handled with an error--
--Output from Adding a valid new post to the timeline--
--Output from Adding an invalid new post to the timeline--
--Output from Testing id of joe_cool redirects to /post/timeline/joe_cool--
--Output from Testing id of null redirects to /post/timeline/chuck_norris--
]]></system-out>
  <system-err><![CDATA[--Output from Get a users timeline given their id--
--Output from Check that non-existent users are handled with an error--
--Output from Adding a valid new post to the timeline--
--Output from Adding an invalid new post to the timeline--
--Output from Testing id of joe_cool redirects to /post/timeline/joe_cool--
--Output from Testing id of null redirects to /post/timeline/chuck_norris--
]]></system-err>
</testsuite>
