<?xml version="1.0" encoding="UTF-8" ?>
<testsuite errors="0" failures="0" hostname="TOSHIBA" name="com.grailsinaction.DateTagLibSpec" tests="3" time="4.478" timestamp="2015-01-10T04:46:50">
  <properties />
  <testcase classname="com.grailsinaction.DateTagLibSpec" name="Conversion of Current Time matches Right now" time="3.182" />
  <testcase classname="com.grailsinaction.DateTagLibSpec" name="Conversion of Now - 1 day matches 1 day ago" time="0.234" />
  <testcase classname="com.grailsinaction.DateTagLibSpec" name="Conversion of Now - 2 days matches 2 days ago" time="0.265" />
  <system-out><![CDATA[--Output from Conversion of Current Time matches Right now--
--Output from Conversion of Now - 1 day matches 1 day ago--
--Output from Conversion of Now - 2 days matches 2 days ago--
]]></system-out>
  <system-err><![CDATA[--Output from Conversion of Current Time matches Right now--
--Output from Conversion of Now - 1 day matches 1 day ago--
--Output from Conversion of Now - 2 days matches 2 days ago--
]]></system-err>
</testsuite>
