<?xml version="1.0" encoding="UTF-8" ?>
<testsuite errors="0" failures="0" hostname="TOSHIBA" name="com.grailsinaction.PostControllerSpec" tests="7" time="9.206" timestamp="2015-01-10T03:42:30">
  <properties />
  <testcase classname="com.grailsinaction.PostControllerSpec" name="Get a users timeline given their id" time="6.366" />
  <testcase classname="com.grailsinaction.PostControllerSpec" name="Check that non-existent users are handled with an error" time="0.203" />
  <testcase classname="com.grailsinaction.PostControllerSpec" name="Adding a valid new post to the timeline" time="1.451" />
  <testcase classname="com.grailsinaction.PostControllerSpec" name="Adding an invalid new post to the timeline" time="0.359" />
  <testcase classname="com.grailsinaction.PostControllerSpec" name="Testing id of joe_cool redirects to /users/joe_cool" time="0.125" />
  <testcase classname="com.grailsinaction.PostControllerSpec" name="Testing id of null redirects to /users/chuck_norris" time="0.141" />
  <testcase classname="com.grailsinaction.PostControllerSpec" name="Exercising security filter for unauthenticated user" time="0.296" />
  <system-out><![CDATA[--Output from Get a users timeline given their id--
--Output from Check that non-existent users are handled with an error--
--Output from Adding a valid new post to the timeline--
--Output from Adding an invalid new post to the timeline--
--Output from Testing id of joe_cool redirects to /users/joe_cool--
--Output from Testing id of null redirects to /users/chuck_norris--
--Output from Exercising security filter for unauthenticated user--
]]></system-out>
  <system-err><![CDATA[--Output from Get a users timeline given their id--
--Output from Check that non-existent users are handled with an error--
--Output from Adding a valid new post to the timeline--
--Output from Adding an invalid new post to the timeline--
--Output from Testing id of joe_cool redirects to /users/joe_cool--
--Output from Testing id of null redirects to /users/chuck_norris--
--Output from Exercising security filter for unauthenticated user--
]]></system-err>
</testsuite>
