<?xml version="1.0" encoding="UTF-8" ?>
<testsuite errors="0" failures="0" hostname="TOSHIBA" name="com.grailsinaction.PostControllerSpec" tests="7" time="5.383" timestamp="2015-01-10T01:21:22">
  <properties />
  <testcase classname="com.grailsinaction.PostControllerSpec" name="Get a users timeline given their id" time="3.386" />
  <testcase classname="com.grailsinaction.PostControllerSpec" name="Check that non-existent users are handled with an error" time="0.484" />
  <testcase classname="com.grailsinaction.PostControllerSpec" name="Adding a valid new post to the timeline" time="0.483" />
  <testcase classname="com.grailsinaction.PostControllerSpec" name="Adding an invalid new post to the timeline" time="0.297" />
  <testcase classname="com.grailsinaction.PostControllerSpec" name="Testing id of joe_cool redirects to /users/joe_cool" time="0.187" />
  <testcase classname="com.grailsinaction.PostControllerSpec" name="Testing id of null redirects to /users/chuck_norris" time="0.156" />
  <testcase classname="com.grailsinaction.PostControllerSpec" name="Exercising security filter for unauthenticated user" time="0.218" />
  <system-out><![CDATA[--Output from Get a users timeline given their id--
--Output from Check that non-existent users are handled with an error--
--Output from Adding a valid new post to the timeline--
--Output from Adding an invalid new post to the timeline--
--Output from Testing id of joe_cool redirects to /users/joe_cool--
--Output from Testing id of null redirects to /users/chuck_norris--
--Output from Exercising security filter for unauthenticated user--
]]></system-out>
  <system-err><![CDATA[--Output from Get a users timeline given their id--
--Output from Check that non-existent users are handled with an error--
--Output from Adding a valid new post to the timeline--
--Output from Adding an invalid new post to the timeline--
--Output from Testing id of joe_cool redirects to /users/joe_cool--
--Output from Testing id of null redirects to /users/chuck_norris--
--Output from Exercising security filter for unauthenticated user--
]]></system-err>
</testsuite>
