<?xml version="1.0" encoding="UTF-8" ?>
<testsuite errors="0" failures="0" hostname="TOSHIBA" name="UrlMappingsSpec" tests="1" time="0.593" timestamp="2015-01-10T03:42:41">
  <properties />
  <testcase classname="UrlMappingsSpec" name="Ensure basic mapping operations for user permalink" time="0.593" />
  <system-out><![CDATA[--Output from Ensure basic mapping operations for user permalink--
]]></system-out>
  <system-err><![CDATA[--Output from Ensure basic mapping operations for user permalink--
]]></system-err>
</testsuite>
