<?xml version="1.0" encoding="UTF-8" ?>
<testsuite errors="0" failures="0" hostname="TOSHIBA" name="com.grailsinaction.QueryIntegrationSpec" tests="5" time="1.655" timestamp="2015-01-07T02:20:17">
  <properties />
  <testcase classname="com.grailsinaction.QueryIntegrationSpec" name="Simple property comparison" time="0.562" />
  <testcase classname="com.grailsinaction.QueryIntegrationSpec" name="Multiple criteria" time="0.686" />
  <testcase classname="com.grailsinaction.QueryIntegrationSpec" name="Query on association" time="0.203" />
  <testcase classname="com.grailsinaction.QueryIntegrationSpec" name="Query against a range value" time="0.11" />
  <testcase classname="com.grailsinaction.QueryIntegrationSpec" name="Retrieve a single instance" time="0.094" />
  <system-out><![CDATA[--Output from Simple property comparison--
--Output from Multiple criteria--
--Output from Query on association--
--Output from Query against a range value--
--Output from Retrieve a single instance--
]]></system-out>
  <system-err><![CDATA[--Output from Simple property comparison--
--Output from Multiple criteria--
--Output from Query on association--
--Output from Query against a range value--
--Output from Retrieve a single instance--
]]></system-err>
</testsuite>
